<?xml version="1.0" encoding="UTF-8"?>
<testsuite name="com.miejemplo.runners.TestRunner" tests="1" skipped="0" failures="0" errors="0" timestamp="2026-03-13T17:47:57.474Z" hostname="MacBook-Air.local" time="8.929">
  <properties/>
  <testcase name="Pruebas E2E de la aplicación frontend - Validación completa del sistema frontend" classname="com.miejemplo.runners.TestRunner" time="8.661"/>
  <system-out><![CDATA[
?[1mEscenario:?[22m Validación completa del sistema frontend                                                                                ?[90m# classpath:features/aplicacion.feature:7?[39m

▶  [INICIO] Escenario: "Validación completa del sistema frontend"
  ?[32m✔?[39m ?[32m?[1mDado ?[22mque el usuario está en el dashboard?[39m                                                                                       ?[90m# com.miejemplo.stepdefinitions.ConsultaStepDefinitions.queElUsuarioEstaEnElDashboard()?[39m
  ?[32m✔?[39m ?[32m?[1mCuando ?[22mobserva la lista de pedidos?[39m                                                                                             ?[90m# com.miejemplo.stepdefinitions.ConsultaStepDefinitions.observaLaListaDePedidos()?[39m
  ?[32m✔?[39m ?[32m?[1mEntonces ?[22mel encabezado de pedidos debería contener ?[1m"Todos los Pedidos"?[22m?[39m                                                         ?[90m# com.miejemplo.stepdefinitions.ConsultaStepDefinitions.elEncabezadoDePedidosDeberiaContener(java.lang.String)?[39m
  ?[32m✔?[39m ?[32m?[1mCuando ?[22mfiltra pedidos por el usuario ?[1m"Todos los clientes"?[22m?[39m                                                                      ?[90m# com.miejemplo.stepdefinitions.ConsultaStepDefinitions.filtraPedidosPorElUsuario(java.lang.String)?[39m
  ?[32m✔?[39m ?[32m?[1mEntonces ?[22mel encabezado de pedidos debería contener ?[1m"Todos los Pedidos"?[22m?[39m                                                         ?[90m# com.miejemplo.stepdefinitions.ConsultaStepDefinitions.elEncabezadoDePedidosDeberiaContener(java.lang.String)?[39m
  ?[32m✔?[39m ?[32m?[1mDado ?[22mque el usuario está en el dashboard?[39m                                                                                       ?[90m# com.miejemplo.stepdefinitions.ConsultaStepDefinitions.queElUsuarioEstaEnElDashboard()?[39m
  ?[32m✔?[39m ?[32m?[1mCuando ?[22mel usuario hace clic en el botón de navegación ?[1m"Agregar Usuario"?[22m?[39m                                                        ?[90m# com.miejemplo.stepdefinitions.NavegacionStepDefinitions.elUsuarioHaceClicEnBotonNavegacion(java.lang.String)?[39m
  ?[32m✔?[39m ?[32m?[1mEntonces ?[22mla URL debería contener ?[1m"/addUser"?[22m?[39m                                                                                    ?[90m# com.miejemplo.stepdefinitions.NavegacionStepDefinitions.laUrlDeberiaContener(java.lang.String)?[39m
  ?[32m✔?[39m ?[32m?[1mY ?[22mla página de registro debería ser visible?[39m                                                                                    ?[90m# com.miejemplo.stepdefinitions.NavegacionStepDefinitions.laPaginaDeRegistroDeberiaSerVisible()?[39m
  ?[32m✔?[39m ?[32m?[1mY ?[22mel usuario hace clic en el botón volver del formulario?[39m                                                                       ?[90m# com.miejemplo.stepdefinitions.NavegacionStepDefinitions.elUsuarioHaceClicEnBotonVolverDelFormulario()?[39m
  ?[32m✔?[39m ?[32m?[1mEntonces ?[22mla URL debería contener ?[1m"/"?[22m?[39m                                                                                           ?[90m# com.miejemplo.stepdefinitions.NavegacionStepDefinitions.laUrlDeberiaContener(java.lang.String)?[39m
  ?[32m✔?[39m ?[32m?[1mY ?[22mel título del dashboard debería ser visible?[39m                                                                                  ?[90m# com.miejemplo.stepdefinitions.NavegacionStepDefinitions.elTituloDelDashboardDeberiaSerVisible()?[39m
  ?[32m✔?[39m ?[32m?[1mDado ?[22mque el usuario está en el dashboard?[39m                                                                                       ?[90m# com.miejemplo.stepdefinitions.ConsultaStepDefinitions.queElUsuarioEstaEnElDashboard()?[39m
  ?[32m✔?[39m ?[32m?[1mCuando ?[22mel usuario hace clic en el botón de navegación ?[1m"Agregar Pedido"?[22m?[39m                                                         ?[90m# com.miejemplo.stepdefinitions.NavegacionStepDefinitions.elUsuarioHaceClicEnBotonNavegacion(java.lang.String)?[39m
  ?[32m✔?[39m ?[32m?[1mEntonces ?[22mla URL debería contener ?[1m"/addOrder"?[22m?[39m                                                                                   ?[90m# com.miejemplo.stepdefinitions.NavegacionStepDefinitions.laUrlDeberiaContener(java.lang.String)?[39m
  ?[32m✔?[39m ?[32m?[1mY ?[22mla página de nuevo pedido debería ser visible?[39m                                                                                ?[90m# com.miejemplo.stepdefinitions.NavegacionStepDefinitions.laPaginaDeNuevoPedidoDeberiaSerVisible()?[39m
  ?[32m✔?[39m ?[32m?[1mY ?[22mel usuario hace clic en el botón volver del formulario?[39m                                                                       ?[90m# com.miejemplo.stepdefinitions.NavegacionStepDefinitions.elUsuarioHaceClicEnBotonVolverDelFormulario()?[39m
  ?[32m✔?[39m ?[32m?[1mEntonces ?[22mla URL debería contener ?[1m"/"?[22m?[39m                                                                                           ?[90m# com.miejemplo.stepdefinitions.NavegacionStepDefinitions.laUrlDeberiaContener(java.lang.String)?[39m
  ?[32m✔?[39m ?[32m?[1mY ?[22mel título del dashboard debería ser visible?[39m                                                                                  ?[90m# com.miejemplo.stepdefinitions.NavegacionStepDefinitions.elTituloDelDashboardDeberiaSerVisible()?[39m
  ?[32m✔?[39m ?[32m?[1mDado ?[22mque el usuario está en el dashboard?[39m                                                                                       ?[90m# com.miejemplo.stepdefinitions.ConsultaStepDefinitions.queElUsuarioEstaEnElDashboard()?[39m
  ?[32m✔?[39m ?[32m?[1mCuando ?[22mel usuario hace clic en el botón de navegación ?[1m"Agregar Pedido"?[22m?[39m                                                         ?[90m# com.miejemplo.stepdefinitions.NavegacionStepDefinitions.elUsuarioHaceClicEnBotonNavegacion(java.lang.String)?[39m
  ?[32m✔?[39m ?[32m?[1mY ?[22mel usuario hace clic en el botón ?[1m"Cancelar"?[22m?[39m                                                                                  ?[90m# com.miejemplo.stepdefinitions.NavegacionStepDefinitions.elUsuarioHaceClicEnElBoton(java.lang.String)?[39m
  ?[32m✔?[39m ?[32m?[1mEntonces ?[22mla URL debería contener ?[1m"/"?[22m?[39m                                                                                           ?[90m# com.miejemplo.stepdefinitions.NavegacionStepDefinitions.laUrlDeberiaContener(java.lang.String)?[39m
  ?[32m✔?[39m ?[32m?[1mY ?[22mel título del dashboard debería ser visible?[39m                                                                                  ?[90m# com.miejemplo.stepdefinitions.NavegacionStepDefinitions.elTituloDelDashboardDeberiaSerVisible()?[39m
  ?[32m✔?[39m ?[32m?[1mDado ?[22mque el usuario está en la página de registro de administrador?[39m                                                             ?[90m# com.miejemplo.stepdefinitions.AgregarUsuarioStepDefinitions.queElUsuarioEstaEnLaPaginaDeRegistro()?[39m
  ?[32m✔?[39m ?[32m?[1mEntonces ?[22mel campo ?[1m"Nombre completo"?[22m debería ser visible en el formulario?[39m                                                       ?[90m# com.miejemplo.stepdefinitions.AgregarUsuarioStepDefinitions.elCampoDeberiaSerVisibleEnElFormulario(java.lang.String)?[39m
  ?[32m✔?[39m ?[32m?[1mY ?[22mel campo de correo electrónico debería ser visible en el formulario?[39m                                                          ?[90m# com.miejemplo.stepdefinitions.AgregarUsuarioStepDefinitions.elCampoDeCorreoDeberiaSerVisible()?[39m
  ?[32m✔?[39m ?[32m?[1mY ?[22mel campo de contraseña debería ser visible en el formulario?[39m                                                                  ?[90m# com.miejemplo.stepdefinitions.AgregarUsuarioStepDefinitions.elCampoDePasswordDeberiaSerVisible()?[39m
  ?[32m✔?[39m ?[32m?[1mY ?[22mel botón de envío del formulario de usuario debería ser visible?[39m                                                              ?[90m# com.miejemplo.stepdefinitions.AgregarUsuarioStepDefinitions.elBotonDeEnvioDeberiaSerVisible()?[39m
  ?[32m✔?[39m ?[32m?[1mEntonces ?[22mla página de usuario debería contener el texto ?[1m"Registro de Administrador"?[22m?[39m                                            ?[90m# com.miejemplo.stepdefinitions.AgregarUsuarioStepDefinitions.laPaginaDeUsuarioDeberiaContenerTexto(java.lang.String)?[39m
  ?[32m✔?[39m ?[32m?[1mEntonces ?[22mel tipo del campo de contraseña debería ser ?[1m"password"?[22m?[39m                                                                ?[90m# com.miejemplo.stepdefinitions.AgregarUsuarioStepDefinitions.elTipoDelCampoDePasswordDeberiaSer(java.lang.String)?[39m
  ?[32m✔?[39m ?[32m?[1mCuando ?[22mel usuario hace clic en el botón de mostrar contraseña?[39m                                                                  ?[90m# com.miejemplo.stepdefinitions.AgregarUsuarioStepDefinitions.elUsuarioHaceClicEnElBotonDeMostrarPassword()?[39m
  ?[32m✔?[39m ?[32m?[1mEntonces ?[22mel tipo del campo de contraseña debería ser ?[1m"text"?[22m?[39m                                                                    ?[90m# com.miejemplo.stepdefinitions.AgregarUsuarioStepDefinitions.elTipoDelCampoDePasswordDeberiaSer(java.lang.String)?[39m
  ?[32m✔?[39m ?[32m?[1mCuando ?[22mel usuario hace clic en el botón de mostrar contraseña?[39m                                                                  ?[90m# com.miejemplo.stepdefinitions.AgregarUsuarioStepDefinitions.elUsuarioHaceClicEnElBotonDeMostrarPassword()?[39m
  ?[32m✔?[39m ?[32m?[1mEntonces ?[22mel tipo del campo de contraseña debería ser ?[1m"password"?[22m?[39m                                                                ?[90m# com.miejemplo.stepdefinitions.AgregarUsuarioStepDefinitions.elTipoDelCampoDePasswordDeberiaSer(java.lang.String)?[39m
  ?[32m✔?[39m ?[32m?[1mDado ?[22mque el usuario está en la página de registro de administrador?[39m                                                             ?[90m# com.miejemplo.stepdefinitions.AgregarUsuarioStepDefinitions.queElUsuarioEstaEnLaPaginaDeRegistro()?[39m
  ?[32m✔?[39m ?[32m?[1mCuando ?[22mel usuario ingresa solo email ?[1m"test@test.com"?[22m y contraseña ?[1m"password123"?[22m en el formulario de registro?[39m                   ?[90m# com.miejemplo.stepdefinitions.AgregarUsuarioStepDefinitions.elUsuarioIngresaSoloEmailYPassword(java.lang.String,java.lang.String)?[39m
  ?[32m✔?[39m ?[32m?[1mY ?[22mel usuario intenta enviar el formulario de registro?[39m                                                                          ?[90m# com.miejemplo.stepdefinitions.AgregarUsuarioStepDefinitions.elUsuarioIntentaEnviarElFormularioDeRegistro()?[39m
  ?[32m✔?[39m ?[32m?[1mEntonces ?[22mla URL de la página de registro debería contener ?[1m"/addUser"?[22m?[39m                                                           ?[90m# com.miejemplo.stepdefinitions.AgregarUsuarioStepDefinitions.laUrlDeLaPaginaDeRegistroDeberiaContener(java.lang.String)?[39m
  ?[32m✔?[39m ?[32m?[1mDado ?[22mque el usuario está en la página de registro de administrador?[39m                                                             ?[90m# com.miejemplo.stepdefinitions.AgregarUsuarioStepDefinitions.queElUsuarioEstaEnLaPaginaDeRegistro()?[39m
  ?[32m✔?[39m ?[32m?[1mCuando ?[22mel usuario completa el formulario de registro con nombre ?[1m"Juan Pérez"?[22m email ?[1m"juan@test.com"?[22m y contraseña ?[1m"123"?[22m?[39m          ?[90m# com.miejemplo.stepdefinitions.AgregarUsuarioStepDefinitions.elUsuarioCompletaElFormulario(java.lang.String,java.lang.String,java.lang.String)?[39m
  ?[32m✔?[39m ?[32m?[1mY ?[22mel usuario intenta enviar el formulario de registro?[39m                                                                          ?[90m# com.miejemplo.stepdefinitions.AgregarUsuarioStepDefinitions.elUsuarioIntentaEnviarElFormularioDeRegistro()?[39m
  ?[32m✔?[39m ?[32m?[1mEntonces ?[22mla URL de la página de registro debería contener ?[1m"/addUser"?[22m?[39m                                                           ?[90m# com.miejemplo.stepdefinitions.AgregarUsuarioStepDefinitions.laUrlDeLaPaginaDeRegistroDeberiaContener(java.lang.String)?[39m
  ?[32m✔?[39m ?[32m?[1mDado ?[22mque el usuario está en la página de registro de administrador?[39m                                                             ?[90m# com.miejemplo.stepdefinitions.AgregarUsuarioStepDefinitions.queElUsuarioEstaEnLaPaginaDeRegistro()?[39m
  ?[32m✔?[39m ?[32m?[1mCuando ?[22mel usuario completa el formulario de registro con nombre ?[1m"Juan Pérez"?[22m email ?[1m"no-es-un-email"?[22m y contraseña ?[1m"password123"?[22m?[39m ?[90m# com.miejemplo.stepdefinitions.AgregarUsuarioStepDefinitions.elUsuarioCompletaElFormulario(java.lang.String,java.lang.String,java.lang.String)?[39m
  ?[32m✔?[39m ?[32m?[1mY ?[22mel usuario intenta enviar el formulario de registro?[39m                                                                          ?[90m# com.miejemplo.stepdefinitions.AgregarUsuarioStepDefinitions.elUsuarioIntentaEnviarElFormularioDeRegistro()?[39m
  ?[32m✔?[39m ?[32m?[1mEntonces ?[22mla URL de la página de registro debería contener ?[1m"/addUser"?[22m?[39m                                                           ?[90m# com.miejemplo.stepdefinitions.AgregarUsuarioStepDefinitions.laUrlDeLaPaginaDeRegistroDeberiaContener(java.lang.String)?[39m
  ?[32m✔?[39m ?[32m?[1mDado ?[22mque el usuario está en la página de nuevo pedido?[39m                                                                          ?[90m# com.miejemplo.stepdefinitions.AgregarPedidoStepDefinitions.queElUsuarioEstaEnLaPaginaDeNuevoPedido()?[39m
  ?[32m✔?[39m ?[32m?[1mEntonces ?[22mel campo de email del usuario debería ser visible en el formulario de pedido?[39m                                          ?[90m# com.miejemplo.stepdefinitions.AgregarPedidoStepDefinitions.elCampoEmailDeberiaSerVisible()?[39m
  ?[32m✔?[39m ?[32m?[1mY ?[22mel campo de nombre del producto debería ser visible en el formulario de pedido?[39m                                               ?[90m# com.miejemplo.stepdefinitions.AgregarPedidoStepDefinitions.elCampoProductoDeberiaSerVisible()?[39m
  ?[32m✔?[39m ?[32m?[1mY ?[22mel campo de notas adicionales debería ser visible en el formulario de pedido?[39m                                                 ?[90m# com.miejemplo.stepdefinitions.AgregarPedidoStepDefinitions.elCampoNotasDeberiaSerVisible()?[39m
  ?[32m✔?[39m ?[32m?[1mY ?[22mel botón de envío del formulario de pedido debería ser visible?[39m                                                               ?[90m# com.miejemplo.stepdefinitions.AgregarPedidoStepDefinitions.elBotonDeEnvioDeberiaSerVisible()?[39m
  ?[32m✔?[39m ?[32m?[1mEntonces ?[22mla página de pedido debería contener el texto ?[1m"Nuevo Pedido"?[22m?[39m                                                          ?[90m# com.miejemplo.stepdefinitions.AgregarPedidoStepDefinitions.laPaginaDePedidoDeberiaContenerTexto(java.lang.String)?[39m
  ?[32m✔?[39m ?[32m?[1mY ?[22mla página de pedido debería contener el texto ?[1m"Crear Pedido"?[22m?[39m                                                                 ?[90m# com.miejemplo.stepdefinitions.AgregarPedidoStepDefinitions.laPaginaDePedidoDeberiaContenerTexto(java.lang.String)?[39m
  ?[32m✔?[39m ?[32m?[1mEntonces ?[22mel campo de notas adicionales no debería ser requerido en el formulario de pedido?[39m                                     ?[90m# com.miejemplo.stepdefinitions.AgregarPedidoStepDefinitions.elCampoNotasNoDeberiaSerRequerido()?[39m
  ?[32m✔?[39m ?[32m?[1mDado ?[22mque el usuario está en la página de nuevo pedido?[39m                                                                          ?[90m# com.miejemplo.stepdefinitions.AgregarPedidoStepDefinitions.queElUsuarioEstaEnLaPaginaDeNuevoPedido()?[39m
  ?[32m✔?[39m ?[32m?[1mCuando ?[22mel usuario hace clic en ?[1m"Cancelar"?[22m en el formulario de pedido?[39m                                                           ?[90m# com.miejemplo.stepdefinitions.AgregarPedidoStepDefinitions.elUsuarioHaceClicEnElFormularioDePedido(java.lang.String)?[39m
  ?[32m✔?[39m ?[32m?[1mEntonces ?[22mla URL del formulario de pedido debería contener ?[1m"/"?[22m?[39m                                                                  ?[90m# com.miejemplo.stepdefinitions.AgregarPedidoStepDefinitions.laUrlDelFormularioDePedidoDeberiaContener(java.lang.String)?[39m
  ?[32m✔?[39m ?[32m?[1mY ?[22mel título del dashboard debería ser visible?[39m                                                                                  ?[90m# com.miejemplo.stepdefinitions.NavegacionStepDefinitions.elTituloDelDashboardDeberiaSerVisible()?[39m
  ?[32m✔?[39m ?[32m?[1mDado ?[22mque el usuario está en la página de nuevo pedido?[39m                                                                          ?[90m# com.miejemplo.stepdefinitions.AgregarPedidoStepDefinitions.queElUsuarioEstaEnLaPaginaDeNuevoPedido()?[39m
  ?[32m✔?[39m ?[32m?[1mCuando ?[22mel usuario ingresa solo el producto ?[1m"Laptop Pro"?[22m en el formulario de pedido?[39m                                             ?[90m# com.miejemplo.stepdefinitions.AgregarPedidoStepDefinitions.elUsuarioIngresaSoloElProducto(java.lang.String)?[39m
  ?[32m✔?[39m ?[32m?[1mY ?[22mel usuario intenta enviar el formulario de pedido?[39m                                                                            ?[90m# com.miejemplo.stepdefinitions.AgregarPedidoStepDefinitions.elUsuarioIntentaEnviarElFormularioDePedido()?[39m
  ?[32m✔?[39m ?[32m?[1mEntonces ?[22mla URL del formulario de pedido debería contener ?[1m"/addOrder"?[22m?[39m                                                          ?[90m# com.miejemplo.stepdefinitions.AgregarPedidoStepDefinitions.laUrlDelFormularioDePedidoDeberiaContener(java.lang.String)?[39m
  ?[32m✔?[39m ?[32m?[1mDado ?[22mque el usuario está en la página de nuevo pedido?[39m                                                                          ?[90m# com.miejemplo.stepdefinitions.AgregarPedidoStepDefinitions.queElUsuarioEstaEnLaPaginaDeNuevoPedido()?[39m
  ?[32m✔?[39m ?[32m?[1mCuando ?[22mel usuario ingresa solo email ?[1m"cliente@test.com"?[22m en el formulario de pedido?[39m                                             ?[90m# com.miejemplo.stepdefinitions.AgregarPedidoStepDefinitions.elUsuarioIngresaSoloEmail(java.lang.String)?[39m
  ?[32m✔?[39m ?[32m?[1mY ?[22mel usuario intenta enviar el formulario de pedido?[39m                                                                            ?[90m# com.miejemplo.stepdefinitions.AgregarPedidoStepDefinitions.elUsuarioIntentaEnviarElFormularioDePedido()?[39m
  ?[32m✔?[39m ?[32m?[1mEntonces ?[22mla URL del formulario de pedido debería contener ?[1m"/addOrder"?[22m?[39m                                                          ?[90m# com.miejemplo.stepdefinitions.AgregarPedidoStepDefinitions.laUrlDelFormularioDePedidoDeberiaContener(java.lang.String)?[39m
  ?[32m✔?[39m ?[32m?[1mDado ?[22mque el usuario está en la página de nuevo pedido?[39m                                                                          ?[90m# com.miejemplo.stepdefinitions.AgregarPedidoStepDefinitions.queElUsuarioEstaEnLaPaginaDeNuevoPedido()?[39m
  ?[32m✔?[39m ?[32m?[1mCuando ?[22mel usuario ingresa email inválido ?[1m"no-es-email"?[22m y producto ?[1m"Laptop"?[22m en el formulario de pedido?[39m                          ?[90m# com.miejemplo.stepdefinitions.AgregarPedidoStepDefinitions.elUsuarioIngresaEmailInvalidoYProducto(java.lang.String,java.lang.String)?[39m
  ?[32m✔?[39m ?[32m?[1mY ?[22mel usuario intenta enviar el formulario de pedido?[39m                                                                            ?[90m# com.miejemplo.stepdefinitions.AgregarPedidoStepDefinitions.elUsuarioIntentaEnviarElFormularioDePedido()?[39m
  ?[32m✔?[39m ?[32m?[1mEntonces ?[22mla URL del formulario de pedido debería contener ?[1m"/addOrder"?[22m?[39m                                                          ?[90m# com.miejemplo.stepdefinitions.AgregarPedidoStepDefinitions.laUrlDelFormularioDePedidoDeberiaContener(java.lang.String)?[39m
⏹  [FIN]    Escenario: "Validación completa del sistema frontend" → EXITOSO ✓

]]></system-out>
  <system-err><![CDATA[SLF4J(W): No SLF4J providers were found.
SLF4J(W): Defaulting to no-operation (NOP) logger implementation
SLF4J(W): See https://www.slf4j.org/codes.html#noProviders for further details.
]]></system-err>
</testsuite>
